\BOOKMARK [0][-]{chapter.1}{\376\377\000I\000n\000t\000r\000o\000d\000u\000c\000t\000i\000o\000n}{}% 1
\BOOKMARK [0][-]{chapter.2}{\376\377\000R\000i\000g\000i\000d\000i\000t\000y\000:\000\040\000A\000n\000\040\000I\000n\000t\000r\000o\000d\000u\000c\000t\000i\000o\000n}{}% 2
\BOOKMARK [1][-]{section.2.1}{\376\377\000G\000r\000a\000p\000h\000\040\000T\000h\000e\000o\000r\000y}{chapter.2}% 3
\BOOKMARK [1][-]{section.2.2}{\376\377\000F\000r\000a\000m\000e\000w\000o\000r\000k\000s}{chapter.2}% 4
\BOOKMARK [1][-]{section.2.3}{\376\377\000M\000o\000t\000i\000o\000n\000s}{chapter.2}% 5
\BOOKMARK [1][-]{section.2.4}{\376\377\000R\000i\000g\000i\000d\000i\000t\000y}{chapter.2}% 6
\BOOKMARK [2][-]{subsection.2.4.1}{\376\377\000I\000n\000f\000i\000n\000i\000t\000e\000s\000i\000m\000a\000l\000\040\000R\000i\000g\000i\000d\000i\000t\000y}{section.2.4}% 7
\BOOKMARK [2][-]{subsection.2.4.2}{\376\377\000G\000e\000n\000e\000r\000i\000c\000\040\000R\000i\000g\000i\000d\000i\000t\000y}{section.2.4}% 8
\BOOKMARK [0][-]{chapter.3}{\376\377\000E\000x\000p\000l\000o\000r\000i\000n\000g\000\040\000R\000i\000g\000i\000d\000i\000t\000y\000\040\000\046\000\040\000C\000i\000r\000c\000l\000e\000\040\000P\000a\000c\000k\000i\000n\000g\000s}{}% 9
\BOOKMARK [1][-]{section.3.1}{\376\377\000D\000e\000g\000r\000e\000e\000s\000\040\000o\000f\000\040\000F\000r\000e\000e\000d\000o\000m}{chapter.3}% 10
\BOOKMARK [1][-]{section.3.2}{\376\377\000T\000h\000e\000\040\000R\000i\000g\000i\000d\000i\000t\000y\000\040\000M\000a\000t\000r\000i\000x}{chapter.3}% 11
\BOOKMARK [1][-]{section.3.3}{\376\377\000C\000o\000n\000s\000t\000r\000u\000c\000t\000i\000n\000g\000\040\000R\000i\000g\000i\000d\000\040\000S\000t\000r\000u\000c\000t\000u\000r\000e\000s}{chapter.3}% 12
\BOOKMARK [1][-]{section.3.4}{\376\377\000R\000i\000g\000i\000d\000i\000t\000y\000\040\000v\000s\000\040\000I\000n\000f\000i\000n\000i\000t\000e\000s\000i\000m\000a\000l\000\040\000R\000i\000g\000i\000d\000i\000t\000y}{chapter.3}% 13
\BOOKMARK [1][-]{section.3.5}{\376\377\000C\000i\000r\000c\000l\000e\000\040\000P\000a\000c\000k\000i\000n\000g\000s}{chapter.3}% 14
\BOOKMARK [0][-]{chapter.4}{\376\377\000R\000i\000g\000i\000d\000i\000t\000y\000\040\000o\000f\000\040\000M\000i\000n\000i\000m\000a\000l\000l\000y\000\040\000R\000i\000g\000i\000d\000\040\000C\000i\000r\000c\000l\000e\000\040\000P\000a\000c\000k\000i\000n\000g\000s}{}% 15
\BOOKMARK [1][-]{section.4.1}{\376\377\000T\000h\000e\000\040\000G\000o\000a\000l}{chapter.4}% 16
\BOOKMARK [1][-]{section.4.2}{\376\377\000R\000i\000g\000i\000d\000i\000t\000y\000.\000p\000y}{chapter.4}% 17
\BOOKMARK [2][-]{subsection.4.2.1}{\376\377\000C\000r\000e\000a\000t\000i\000n\000g\000\040\000a\000\040\000C\000o\000n\000f\000i\000g\000u\000r\000a\000t\000i\000o\000n}{section.4.2}% 18
\BOOKMARK [2][-]{subsection.4.2.2}{\376\377\000C\000o\000n\000s\000t\000r\000u\000c\000t\000i\000n\000g\000\040\000t\000h\000e\000\040\000R\000i\000g\000i\000d\000i\000t\000y\000\040\000M\000a\000t\000r\000i\000x}{section.4.2}% 19
\BOOKMARK [2][-]{subsection.4.2.3}{\376\377\000R\000a\000n\000k\000\040\000o\000f\000\040\000t\000h\000e\000\040\000R\000i\000g\000i\000d\000i\000t\000y\000\040\000M\000a\000t\000r\000i\000x}{section.4.2}% 20
\BOOKMARK [2][-]{subsection.4.2.4}{\376\377\000C\000h\000e\000c\000k\000i\000n\000g\000\040\000r\000i\000g\000i\000d\000i\000t\000y\000\040\000f\000o\000r\000\040\000a\000\040\000l\000i\000s\000t\000\040\000o\000f\000\040\000g\000r\000a\000p\000h\000s}{section.4.2}% 21
\BOOKMARK [2][-]{subsection.4.2.5}{\376\377\000T\000e\000s\000t\000i\000n\000g\000\040\000t\000h\000e\000\040\000c\000o\000d\000e}{section.4.2}% 22
\BOOKMARK [1][-]{section.4.3}{\376\377\000C\000i\000r\000c\000l\000e\000\137\000P\000a\000c\000k\000i\000n\000g\000.\000p\000y}{chapter.4}% 23
\BOOKMARK [2][-]{subsection.4.3.1}{\376\377\000A\000\040\000S\000i\000m\000p\000l\000e\000\040\000E\000x\000a\000m\000p\000l\000e}{section.4.3}% 24
\BOOKMARK [0][-]{section*.34}{\376\377\000B\000i\000b\000l\000i\000o\000g\000r\000a\000p\000h\000y}{}% 25
